<?xml version="1.0" encoding="UTF-8"?>
<testsuite xmlns:xsi="http://www.w3.org/2001/XMLSchema-instance" xsi:schemaLocation="https://maven.apache.org/surefire/maven-surefire-plugin/xsd/surefire-test-report.xsd" name="it.univpm.advancedcode.cri.test.unit.Service.TestFileService" time="2.056" tests="3" errors="3" skipped="0" failures="0">
  <properties>
    <property name="java.runtime.name" value="OpenJDK Runtime Environment"/>
    <property name="java.vm.version" value="15.0.1+9"/>
    <property name="sun.boot.library.path" value="/usr/local/Cellar/openjdk/15.0.1/libexec/openjdk.jdk/Contents/Home/lib"/>
    <property name="maven.multiModuleProjectDirectory" value="/Users/denisbernovschi/git/esameprogrammazioneavanzata"/>
    <property name="java.vm.vendor" value="Oracle Corporation"/>
    <property name="java.vendor.url" value="https://openjdk.java.net/"/>
    <property name="guice.disable.misplaced.annotation.check" value="true"/>
    <property name="path.separator" value=":"/>
    <property name="java.vm.name" value="OpenJDK 64-Bit Server VM"/>
    <property name="user.country" value="IT"/>
    <property name="sun.java.launcher" value="SUN_STANDARD"/>
    <property name="java.vm.specification.name" value="Java Virtual Machine Specification"/>
    <property name="user.dir" value="/Users/denisbernovschi/git/esameprogrammazioneavanzata"/>
    <property name="java.vm.compressedOopsMode" value="Zero based"/>
    <property name="java.runtime.version" value="15.0.1+9"/>
    <property name="os.arch" value="x86_64"/>
    <property name="java.io.tmpdir" value="/var/folders/3y/9p2nvb_x7cn1xtbxd0zbs_j40000gn/T/"/>
    <property name="line.separator" value="&#10;"/>
    <property name="java.vm.specification.vendor" value="Oracle Corporation"/>
    <property name="os.name" value="Mac OS X"/>
    <property name="classworlds.conf" value="/usr/local/Cellar/maven/3.6.3_1/libexec/bin/m2.conf"/>
    <property name="sun.jnu.encoding" value="UTF-8"/>
    <property name="java.library.path" value="/Users/denisbernovschi/Library/Java/Extensions:/Library/Java/Extensions:/Network/Library/Java/Extensions:/System/Library/Java/Extensions:/usr/lib/java:."/>
    <property name="maven.conf" value="/usr/local/Cellar/maven/3.6.3_1/libexec/conf"/>
    <property name="jdk.debug" value="release"/>
    <property name="java.class.version" value="59.0"/>
    <property name="java.specification.name" value="Java Platform API Specification"/>
    <property name="sun.management.compiler" value="HotSpot 64-Bit Tiered Compilers"/>
    <property name="os.version" value="11.2.3"/>
    <property name="library.jansi.path" value="/usr/local/Cellar/maven/3.6.3_1/libexec/lib/jansi-native"/>
    <property name="http.nonProxyHosts" value="local|*.local|169.254/16|*.169.254/16"/>
    <property name="user.home" value="/Users/denisbernovschi"/>
    <property name="user.timezone" value="Europe/Rome"/>
    <property name="file.encoding" value="UTF-8"/>
    <property name="java.specification.version" value="15"/>
    <property name="user.name" value="denisbernovschi"/>
    <property name="java.class.path" value="/usr/local/Cellar/maven/3.6.3_1/libexec/boot/plexus-classworlds-2.6.0.jar"/>
    <property name="java.vm.specification.version" value="15"/>
    <property name="sun.arch.data.model" value="64"/>
    <property name="sun.java.command" value="org.codehaus.plexus.classworlds.launcher.Launcher install"/>
    <property name="java.home" value="/usr/local/Cellar/openjdk/15.0.1/libexec/openjdk.jdk/Contents/Home"/>
    <property name="user.language" value="it"/>
    <property name="java.specification.vendor" value="Oracle Corporation"/>
    <property name="java.vm.info" value="mixed mode, sharing"/>
    <property name="java.version" value="15.0.1"/>
    <property name="java.vendor" value="N/A"/>
    <property name="maven.home" value="/usr/local/Cellar/maven/3.6.3_1/libexec"/>
    <property name="file.separator" value="/"/>
    <property name="java.version.date" value="2020-10-20"/>
    <property name="java.vendor.url.bug" value="https://bugreport.java.com/bugreport/"/>
    <property name="sun.io.unicode.encoding" value="UnicodeBig"/>
    <property name="sun.cpu.endian" value="little"/>
    <property name="socksNonProxyHosts" value="local|*.local|169.254/16|*.169.254/16"/>
    <property name="ftp.nonProxyHosts" value="local|*.local|169.254/16|*.169.254/16"/>
  </properties>
  <testcase name="createAndDelete" classname="it.univpm.advancedcode.cri.test.unit.Service.TestFileService" time="0.525">
    <error message="Error creating bean with name &apos;allegatoDao&apos;: Injection of resource dependencies failed; nested exception is org.springframework.beans.factory.BeanCreationException: Error creating bean with name &apos;sessionFactory&apos; defined in it.univpm.advancedcode.cri.test.DataServiceConfigTest: Bean instantiation via factory method failed; nested exception is org.springframework.beans.BeanInstantiationException: Failed to instantiate [org.hibernate.SessionFactory]: Factory method &apos;sessionFactory&apos; threw exception; nested exception is java.lang.NullPointerException" type="org.springframework.beans.factory.BeanCreationException">org.springframework.beans.factory.BeanCreationException: Error creating bean with name 'allegatoDao': Injection of resource dependencies failed; nested exception is org.springframework.beans.factory.BeanCreationException: Error creating bean with name 'sessionFactory' defined in it.univpm.advancedcode.cri.test.DataServiceConfigTest: Bean instantiation via factory method failed; nested exception is org.springframework.beans.BeanInstantiationException: Failed to instantiate [org.hibernate.SessionFactory]: Factory method 'sessionFactory' threw exception; nested exception is java.lang.NullPointerException
	at it.univpm.advancedcode.cri.test.unit.Service.TestFileService.openContext(TestFileService.java:47)
Caused by: org.springframework.beans.factory.BeanCreationException: Error creating bean with name 'sessionFactory' defined in it.univpm.advancedcode.cri.test.DataServiceConfigTest: Bean instantiation via factory method failed; nested exception is org.springframework.beans.BeanInstantiationException: Failed to instantiate [org.hibernate.SessionFactory]: Factory method 'sessionFactory' threw exception; nested exception is java.lang.NullPointerException
	at it.univpm.advancedcode.cri.test.unit.Service.TestFileService.openContext(TestFileService.java:47)
Caused by: org.springframework.beans.BeanInstantiationException: Failed to instantiate [org.hibernate.SessionFactory]: Factory method 'sessionFactory' threw exception; nested exception is java.lang.NullPointerException
	at it.univpm.advancedcode.cri.test.unit.Service.TestFileService.openContext(TestFileService.java:47)
Caused by: java.lang.NullPointerException
</error>
    <system-out><![CDATA[Hibernate: 
    
    alter table cars_users 
       drop 
       foreign key FKggomnulika159908lmn7ge4kh
Hibernate: 
    
    alter table cars_users 
       drop 
       foreign key FK1nkhcbr1dcu47h1iyj0ddpyct
Hibernate: 
    
    alter table documentazioni 
       drop 
       foreign key FKjg6nxhbxxvlcf5rxrh771peb3
Hibernate: 
    
    alter table documentazioni 
       drop 
       foreign key FKd8q7hnqahs9uwbrwvcd68fomy
Hibernate: 
    
    alter table documentazioni 
       drop 
       foreign key FK16c0xp68vkca568lx33bqg2wk
Hibernate: 
    
    alter table files 
       drop 
       foreign key FK2694q75cal40cd4rg53dj8kj7
Hibernate: 
    
    alter table links 
       drop 
       foreign key FKa80hd50qo8hjreixvn620io9k
Hibernate: 
    
    alter table manutenzioni 
       drop 
       foreign key FKq0rkpita5jstk3lwkgwpxk940
Hibernate: 
    
    alter table prenotazioni 
       drop 
       foreign key FK7ci1or4hwu7fqmef36dex9iuc
Hibernate: 
    
    alter table prenotazioni 
       drop 
       foreign key FKpknqwoaxb42yayhxun61htp2o
Hibernate: 
    
    alter table users 
       drop 
       foreign key FKavo9wdbl7qffjfsmy92s4e0sa
Hibernate: 
    
    alter table users 
       drop 
       foreign key FK3tsx15ac8111scblfx4tgy6uf
Hibernate: 
    
    drop table if exists allegati
Hibernate: 
    
    drop table if exists cars
Hibernate: 
    
    drop table if exists cars_users
Hibernate: 
    
    drop table if exists documentazioni
Hibernate: 
    
    drop table if exists files
Hibernate: 
    
    drop table if exists links
Hibernate: 
    
    drop table if exists manutenzioni
Hibernate: 
    
    drop table if exists prenotazioni
Hibernate: 
    
    drop table if exists users
Hibernate: 
    
    create table allegati (
       ALLEGATO_ID bigint not null auto_increment,
        DESCRIZIONE varchar(100) not null,
        primary key (ALLEGATO_ID)
    ) engine=InnoDB
Hibernate: 
    
    create table cars (
       VEICOLO_ID bigint not null auto_increment,
        ALIMENTAZIONE varchar(255) not null,
        DESTINAZIONE_USO varchar(255) not null,
        MARCA varchar(255) not null,
        MASSA integer not null,
        MODELLO varchar(255) not null,
        NUMERO_ASSI integer not null,
        NUMERO_TELAIO varchar(255) not null,
        TARGA varchar(7) not null,
        primary key (VEICOLO_ID)
    ) engine=InnoDB
Hibernate: 
    
    create table cars_users (
       VEICOLO_ID bigint not null,
        USERNAME varchar(20) not null,
        primary key (VEICOLO_ID, USERNAME)
    ) engine=InnoDB
Hibernate: 
    
    create table documentazioni (
       DOCUMENTO_ID bigint not null auto_increment,
        COSTO float not null,
        DATA_SCADENZA datetime(6) not null,
        DESCRIZIONE varchar(300) not null,
        TITOLO varchar(100) not null,
        allegato_id bigint,
        USERNAME varchar(20),
        documentazione_id bigint,
        primary key (DOCUMENTO_ID)
    ) engine=InnoDB
Hibernate: 
    
    create table files (
       NOME varchar(100) not null,
        noDownloadable bit not null,
        ALLEGATO_ID bigint not null,
        primary key (ALLEGATO_ID)
    ) engine=InnoDB
Hibernate: 
    
    create table links (
       link varchar(300) not null,
        ALLEGATO_ID bigint not null,
        primary key (ALLEGATO_ID)
    ) engine=InnoDB
Hibernate: 
    
    create table manutenzioni (
       MANUTENZIONE_ID bigint not null auto_increment,
        COSTO_MANUTENZIONE float,
        TIPO_MANUTENZIONE varchar(255),
        primary key (MANUTENZIONE_ID)
    ) engine=InnoDB
Hibernate: 
    
    create table prenotazioni (
       PRENOTAZIONE_ID bigint not null auto_increment,
        DATA_FINE datetime(6),
        DATA_INIZIO datetime(6),
        DESCRIZIONE varchar(255),
        ORA_FINE time,
        ORA_INIZIO time,
        USERNAME varchar(20),
        primary key (PRENOTAZIONE_ID)
    ) engine=InnoDB
Hibernate: 
    
    create table users (
       USERNAME varchar(20) not null,
        FIRSTNAME varchar(100) not null,
        IMAGE_PROFILE varchar(100),
        LASTNAME varchar(100) not null,
        PASSWORD varchar(100) not null,
        RUOLO varchar(255) not null,
        documentazione_DOCUMENTO_ID bigint,
        prenotazione_PRENOTAZIONE_ID bigint,
        primary key (USERNAME)
    ) engine=InnoDB
Hibernate: 
    
    alter table cars 
       add constraint UK_f3o59i3swsgpf4hdin5eqk3tq unique (TARGA)
Hibernate: 
    
    alter table documentazioni 
       add constraint UK_doj1fn4ddn5m8lx7rs67aff3q unique (TITOLO)
Hibernate: 
    
    alter table files 
       add constraint UK_de4r68jllri06v2g0dpmsyuxi unique (NOME)
Hibernate: 
    
    alter table cars_users 
       add constraint FKggomnulika159908lmn7ge4kh 
       foreign key (USERNAME) 
       references users (USERNAME)
Hibernate: 
    
    alter table cars_users 
       add constraint FK1nkhcbr1dcu47h1iyj0ddpyct 
       foreign key (VEICOLO_ID) 
       references cars (VEICOLO_ID)
Hibernate: 
    
    alter table documentazioni 
       add constraint FKjg6nxhbxxvlcf5rxrh771peb3 
       foreign key (allegato_id) 
       references allegati (ALLEGATO_ID)
Hibernate: 
    
    alter table documentazioni 
       add constraint FKd8q7hnqahs9uwbrwvcd68fomy 
       foreign key (USERNAME) 
       references users (USERNAME)
Hibernate: 
    
    alter table documentazioni 
       add constraint FK16c0xp68vkca568lx33bqg2wk 
       foreign key (documentazione_id) 
       references cars (VEICOLO_ID)
Hibernate: 
    
    alter table files 
       add constraint FK2694q75cal40cd4rg53dj8kj7 
       foreign key (ALLEGATO_ID) 
       references allegati (ALLEGATO_ID)
Hibernate: 
    
    alter table links 
       add constraint FKa80hd50qo8hjreixvn620io9k 
       foreign key (ALLEGATO_ID) 
       references allegati (ALLEGATO_ID)
Hibernate: 
    
    alter table manutenzioni 
       add constraint FKq0rkpita5jstk3lwkgwpxk940 
       foreign key (manutenzione_id) 
       references cars (VEICOLO_ID)
Hibernate: 
    
    alter table prenotazioni 
       add constraint FK7ci1or4hwu7fqmef36dex9iuc 
       foreign key (USERNAME) 
       references users (USERNAME)
Hibernate: 
    
    alter table prenotazioni 
       add constraint FKpknqwoaxb42yayhxun61htp2o 
       foreign key (prenotazione_id) 
       references cars (VEICOLO_ID)
Hibernate: 
    
    alter table users 
       add constraint FKavo9wdbl7qffjfsmy92s4e0sa 
       foreign key (documentazione_DOCUMENTO_ID) 
       references documentazioni (DOCUMENTO_ID)
Hibernate: 
    
    alter table users 
       add constraint FK3tsx15ac8111scblfx4tgy6uf 
       foreign key (prenotazione_PRENOTAZIONE_ID) 
       references prenotazioni (PRENOTAZIONE_ID)
]]></system-out>
    <system-err><![CDATA[mar 18, 2021 5:15:14 PM org.hibernate.dialect.Dialect <init>
INFO: HHH000400: Using dialect: org.hibernate.dialect.MySQL57Dialect
mar 18, 2021 5:15:14 PM org.hibernate.engine.transaction.jta.platform.internal.JtaPlatformInitiator initiateService
INFO: HHH000490: Using JtaPlatform implementation: [org.hibernate.engine.transaction.jta.platform.internal.NoJtaPlatform]
[main] WARN org.springframework.context.annotation.AnnotationConfigApplicationContext - Exception encountered during context initialization - cancelling refresh attempt: org.springframework.beans.factory.BeanCreationException: Error creating bean with name 'allegatoDao': Injection of resource dependencies failed; nested exception is org.springframework.beans.factory.BeanCreationException: Error creating bean with name 'sessionFactory' defined in it.univpm.advancedcode.cri.test.DataServiceConfigTest: Bean instantiation via factory method failed; nested exception is org.springframework.beans.BeanInstantiationException: Failed to instantiate [org.hibernate.SessionFactory]: Factory method 'sessionFactory' threw exception; nested exception is java.lang.NullPointerException
]]></system-err>
  </testcase>
  <testcase name="createAndUpdate" classname="it.univpm.advancedcode.cri.test.unit.Service.TestFileService" time="0.791">
    <error message="Error creating bean with name &apos;allegatoDao&apos;: Injection of resource dependencies failed; nested exception is org.springframework.beans.factory.BeanCreationException: Error creating bean with name &apos;sessionFactory&apos; defined in it.univpm.advancedcode.cri.test.DataServiceConfigTest: Bean instantiation via factory method failed; nested exception is org.springframework.beans.BeanInstantiationException: Failed to instantiate [org.hibernate.SessionFactory]: Factory method &apos;sessionFactory&apos; threw exception; nested exception is java.lang.NullPointerException" type="org.springframework.beans.factory.BeanCreationException">org.springframework.beans.factory.BeanCreationException: Error creating bean with name 'allegatoDao': Injection of resource dependencies failed; nested exception is org.springframework.beans.factory.BeanCreationException: Error creating bean with name 'sessionFactory' defined in it.univpm.advancedcode.cri.test.DataServiceConfigTest: Bean instantiation via factory method failed; nested exception is org.springframework.beans.BeanInstantiationException: Failed to instantiate [org.hibernate.SessionFactory]: Factory method 'sessionFactory' threw exception; nested exception is java.lang.NullPointerException
	at it.univpm.advancedcode.cri.test.unit.Service.TestFileService.openContext(TestFileService.java:47)
Caused by: org.springframework.beans.factory.BeanCreationException: Error creating bean with name 'sessionFactory' defined in it.univpm.advancedcode.cri.test.DataServiceConfigTest: Bean instantiation via factory method failed; nested exception is org.springframework.beans.BeanInstantiationException: Failed to instantiate [org.hibernate.SessionFactory]: Factory method 'sessionFactory' threw exception; nested exception is java.lang.NullPointerException
	at it.univpm.advancedcode.cri.test.unit.Service.TestFileService.openContext(TestFileService.java:47)
Caused by: org.springframework.beans.BeanInstantiationException: Failed to instantiate [org.hibernate.SessionFactory]: Factory method 'sessionFactory' threw exception; nested exception is java.lang.NullPointerException
	at it.univpm.advancedcode.cri.test.unit.Service.TestFileService.openContext(TestFileService.java:47)
Caused by: java.lang.NullPointerException
</error>
    <system-out><![CDATA[Hibernate: 
    
    alter table cars_users 
       drop 
       foreign key FKggomnulika159908lmn7ge4kh
Hibernate: 
    
    alter table cars_users 
       drop 
       foreign key FK1nkhcbr1dcu47h1iyj0ddpyct
Hibernate: 
    
    alter table documentazioni 
       drop 
       foreign key FKjg6nxhbxxvlcf5rxrh771peb3
Hibernate: 
    
    alter table documentazioni 
       drop 
       foreign key FKd8q7hnqahs9uwbrwvcd68fomy
Hibernate: 
    
    alter table documentazioni 
       drop 
       foreign key FK16c0xp68vkca568lx33bqg2wk
Hibernate: 
    
    alter table files 
       drop 
       foreign key FK2694q75cal40cd4rg53dj8kj7
Hibernate: 
    
    alter table links 
       drop 
       foreign key FKa80hd50qo8hjreixvn620io9k
Hibernate: 
    
    alter table manutenzioni 
       drop 
       foreign key FKq0rkpita5jstk3lwkgwpxk940
Hibernate: 
    
    alter table prenotazioni 
       drop 
       foreign key FK7ci1or4hwu7fqmef36dex9iuc
Hibernate: 
    
    alter table prenotazioni 
       drop 
       foreign key FKpknqwoaxb42yayhxun61htp2o
Hibernate: 
    
    alter table users 
       drop 
       foreign key FKavo9wdbl7qffjfsmy92s4e0sa
Hibernate: 
    
    alter table users 
       drop 
       foreign key FK3tsx15ac8111scblfx4tgy6uf
Hibernate: 
    
    drop table if exists allegati
Hibernate: 
    
    drop table if exists cars
Hibernate: 
    
    drop table if exists cars_users
Hibernate: 
    
    drop table if exists documentazioni
Hibernate: 
    
    drop table if exists files
Hibernate: 
    
    drop table if exists links
Hibernate: 
    
    drop table if exists manutenzioni
Hibernate: 
    
    drop table if exists prenotazioni
Hibernate: 
    
    drop table if exists users
Hibernate: 
    
    create table allegati (
       ALLEGATO_ID bigint not null auto_increment,
        DESCRIZIONE varchar(100) not null,
        primary key (ALLEGATO_ID)
    ) engine=InnoDB
Hibernate: 
    
    create table cars (
       VEICOLO_ID bigint not null auto_increment,
        ALIMENTAZIONE varchar(255) not null,
        DESTINAZIONE_USO varchar(255) not null,
        MARCA varchar(255) not null,
        MASSA integer not null,
        MODELLO varchar(255) not null,
        NUMERO_ASSI integer not null,
        NUMERO_TELAIO varchar(255) not null,
        TARGA varchar(7) not null,
        primary key (VEICOLO_ID)
    ) engine=InnoDB
Hibernate: 
    
    create table cars_users (
       VEICOLO_ID bigint not null,
        USERNAME varchar(20) not null,
        primary key (VEICOLO_ID, USERNAME)
    ) engine=InnoDB
Hibernate: 
    
    create table documentazioni (
       DOCUMENTO_ID bigint not null auto_increment,
        COSTO float not null,
        DATA_SCADENZA datetime(6) not null,
        DESCRIZIONE varchar(300) not null,
        TITOLO varchar(100) not null,
        allegato_id bigint,
        USERNAME varchar(20),
        documentazione_id bigint,
        primary key (DOCUMENTO_ID)
    ) engine=InnoDB
Hibernate: 
    
    create table files (
       NOME varchar(100) not null,
        noDownloadable bit not null,
        ALLEGATO_ID bigint not null,
        primary key (ALLEGATO_ID)
    ) engine=InnoDB
Hibernate: 
    
    create table links (
       link varchar(300) not null,
        ALLEGATO_ID bigint not null,
        primary key (ALLEGATO_ID)
    ) engine=InnoDB
Hibernate: 
    
    create table manutenzioni (
       MANUTENZIONE_ID bigint not null auto_increment,
        COSTO_MANUTENZIONE float,
        TIPO_MANUTENZIONE varchar(255),
        primary key (MANUTENZIONE_ID)
    ) engine=InnoDB
Hibernate: 
    
    create table prenotazioni (
       PRENOTAZIONE_ID bigint not null auto_increment,
        DATA_FINE datetime(6),
        DATA_INIZIO datetime(6),
        DESCRIZIONE varchar(255),
        ORA_FINE time,
        ORA_INIZIO time,
        USERNAME varchar(20),
        primary key (PRENOTAZIONE_ID)
    ) engine=InnoDB
Hibernate: 
    
    create table users (
       USERNAME varchar(20) not null,
        FIRSTNAME varchar(100) not null,
        IMAGE_PROFILE varchar(100),
        LASTNAME varchar(100) not null,
        PASSWORD varchar(100) not null,
        RUOLO varchar(255) not null,
        documentazione_DOCUMENTO_ID bigint,
        prenotazione_PRENOTAZIONE_ID bigint,
        primary key (USERNAME)
    ) engine=InnoDB
Hibernate: 
    
    alter table cars 
       add constraint UK_f3o59i3swsgpf4hdin5eqk3tq unique (TARGA)
Hibernate: 
    
    alter table documentazioni 
       add constraint UK_doj1fn4ddn5m8lx7rs67aff3q unique (TITOLO)
Hibernate: 
    
    alter table files 
       add constraint UK_de4r68jllri06v2g0dpmsyuxi unique (NOME)
Hibernate: 
    
    alter table cars_users 
       add constraint FKggomnulika159908lmn7ge4kh 
       foreign key (USERNAME) 
       references users (USERNAME)
Hibernate: 
    
    alter table cars_users 
       add constraint FK1nkhcbr1dcu47h1iyj0ddpyct 
       foreign key (VEICOLO_ID) 
       references cars (VEICOLO_ID)
Hibernate: 
    
    alter table documentazioni 
       add constraint FKjg6nxhbxxvlcf5rxrh771peb3 
       foreign key (allegato_id) 
       references allegati (ALLEGATO_ID)
Hibernate: 
    
    alter table documentazioni 
       add constraint FKd8q7hnqahs9uwbrwvcd68fomy 
       foreign key (USERNAME) 
       references users (USERNAME)
Hibernate: 
    
    alter table documentazioni 
       add constraint FK16c0xp68vkca568lx33bqg2wk 
       foreign key (documentazione_id) 
       references cars (VEICOLO_ID)
Hibernate: 
    
    alter table files 
       add constraint FK2694q75cal40cd4rg53dj8kj7 
       foreign key (ALLEGATO_ID) 
       references allegati (ALLEGATO_ID)
Hibernate: 
    
    alter table links 
       add constraint FKa80hd50qo8hjreixvn620io9k 
       foreign key (ALLEGATO_ID) 
       references allegati (ALLEGATO_ID)
Hibernate: 
    
    alter table manutenzioni 
       add constraint FKq0rkpita5jstk3lwkgwpxk940 
       foreign key (manutenzione_id) 
       references cars (VEICOLO_ID)
Hibernate: 
    
    alter table prenotazioni 
       add constraint FK7ci1or4hwu7fqmef36dex9iuc 
       foreign key (USERNAME) 
       references users (USERNAME)
Hibernate: 
    
    alter table prenotazioni 
       add constraint FKpknqwoaxb42yayhxun61htp2o 
       foreign key (prenotazione_id) 
       references cars (VEICOLO_ID)
Hibernate: 
    
    alter table users 
       add constraint FKavo9wdbl7qffjfsmy92s4e0sa 
       foreign key (documentazione_DOCUMENTO_ID) 
       references documentazioni (DOCUMENTO_ID)
Hibernate: 
    
    alter table users 
       add constraint FK3tsx15ac8111scblfx4tgy6uf 
       foreign key (prenotazione_PRENOTAZIONE_ID) 
       references prenotazioni (PRENOTAZIONE_ID)
]]></system-out>
    <system-err><![CDATA[mar 18, 2021 5:15:14 PM org.hibernate.dialect.Dialect <init>
INFO: HHH000400: Using dialect: org.hibernate.dialect.MySQL57Dialect
mar 18, 2021 5:15:15 PM org.hibernate.engine.transaction.jta.platform.internal.JtaPlatformInitiator initiateService
INFO: HHH000490: Using JtaPlatform implementation: [org.hibernate.engine.transaction.jta.platform.internal.NoJtaPlatform]
[main] WARN org.springframework.context.annotation.AnnotationConfigApplicationContext - Exception encountered during context initialization - cancelling refresh attempt: org.springframework.beans.factory.BeanCreationException: Error creating bean with name 'allegatoDao': Injection of resource dependencies failed; nested exception is org.springframework.beans.factory.BeanCreationException: Error creating bean with name 'sessionFactory' defined in it.univpm.advancedcode.cri.test.DataServiceConfigTest: Bean instantiation via factory method failed; nested exception is org.springframework.beans.BeanInstantiationException: Failed to instantiate [org.hibernate.SessionFactory]: Factory method 'sessionFactory' threw exception; nested exception is java.lang.NullPointerException
]]></system-err>
  </testcase>
  <testcase name="createAndFind" classname="it.univpm.advancedcode.cri.test.unit.Service.TestFileService" time="0.74">
    <error message="Error creating bean with name &apos;allegatoDao&apos;: Injection of resource dependencies failed; nested exception is org.springframework.beans.factory.BeanCreationException: Error creating bean with name &apos;sessionFactory&apos; defined in it.univpm.advancedcode.cri.test.DataServiceConfigTest: Bean instantiation via factory method failed; nested exception is org.springframework.beans.BeanInstantiationException: Failed to instantiate [org.hibernate.SessionFactory]: Factory method &apos;sessionFactory&apos; threw exception; nested exception is java.lang.NullPointerException" type="org.springframework.beans.factory.BeanCreationException">org.springframework.beans.factory.BeanCreationException: Error creating bean with name 'allegatoDao': Injection of resource dependencies failed; nested exception is org.springframework.beans.factory.BeanCreationException: Error creating bean with name 'sessionFactory' defined in it.univpm.advancedcode.cri.test.DataServiceConfigTest: Bean instantiation via factory method failed; nested exception is org.springframework.beans.BeanInstantiationException: Failed to instantiate [org.hibernate.SessionFactory]: Factory method 'sessionFactory' threw exception; nested exception is java.lang.NullPointerException
	at it.univpm.advancedcode.cri.test.unit.Service.TestFileService.openContext(TestFileService.java:47)
Caused by: org.springframework.beans.factory.BeanCreationException: Error creating bean with name 'sessionFactory' defined in it.univpm.advancedcode.cri.test.DataServiceConfigTest: Bean instantiation via factory method failed; nested exception is org.springframework.beans.BeanInstantiationException: Failed to instantiate [org.hibernate.SessionFactory]: Factory method 'sessionFactory' threw exception; nested exception is java.lang.NullPointerException
	at it.univpm.advancedcode.cri.test.unit.Service.TestFileService.openContext(TestFileService.java:47)
Caused by: org.springframework.beans.BeanInstantiationException: Failed to instantiate [org.hibernate.SessionFactory]: Factory method 'sessionFactory' threw exception; nested exception is java.lang.NullPointerException
	at it.univpm.advancedcode.cri.test.unit.Service.TestFileService.openContext(TestFileService.java:47)
Caused by: java.lang.NullPointerException
</error>
    <system-out><![CDATA[Hibernate: 
    
    alter table cars_users 
       drop 
       foreign key FKggomnulika159908lmn7ge4kh
Hibernate: 
    
    alter table cars_users 
       drop 
       foreign key FK1nkhcbr1dcu47h1iyj0ddpyct
Hibernate: 
    
    alter table documentazioni 
       drop 
       foreign key FKjg6nxhbxxvlcf5rxrh771peb3
Hibernate: 
    
    alter table documentazioni 
       drop 
       foreign key FKd8q7hnqahs9uwbrwvcd68fomy
Hibernate: 
    
    alter table documentazioni 
       drop 
       foreign key FK16c0xp68vkca568lx33bqg2wk
Hibernate: 
    
    alter table files 
       drop 
       foreign key FK2694q75cal40cd4rg53dj8kj7
Hibernate: 
    
    alter table links 
       drop 
       foreign key FKa80hd50qo8hjreixvn620io9k
Hibernate: 
    
    alter table manutenzioni 
       drop 
       foreign key FKq0rkpita5jstk3lwkgwpxk940
Hibernate: 
    
    alter table prenotazioni 
       drop 
       foreign key FK7ci1or4hwu7fqmef36dex9iuc
Hibernate: 
    
    alter table prenotazioni 
       drop 
       foreign key FKpknqwoaxb42yayhxun61htp2o
Hibernate: 
    
    alter table users 
       drop 
       foreign key FKavo9wdbl7qffjfsmy92s4e0sa
Hibernate: 
    
    alter table users 
       drop 
       foreign key FK3tsx15ac8111scblfx4tgy6uf
Hibernate: 
    
    drop table if exists allegati
Hibernate: 
    
    drop table if exists cars
Hibernate: 
    
    drop table if exists cars_users
Hibernate: 
    
    drop table if exists documentazioni
Hibernate: 
    
    drop table if exists files
Hibernate: 
    
    drop table if exists links
Hibernate: 
    
    drop table if exists manutenzioni
Hibernate: 
    
    drop table if exists prenotazioni
Hibernate: 
    
    drop table if exists users
Hibernate: 
    
    create table allegati (
       ALLEGATO_ID bigint not null auto_increment,
        DESCRIZIONE varchar(100) not null,
        primary key (ALLEGATO_ID)
    ) engine=InnoDB
Hibernate: 
    
    create table cars (
       VEICOLO_ID bigint not null auto_increment,
        ALIMENTAZIONE varchar(255) not null,
        DESTINAZIONE_USO varchar(255) not null,
        MARCA varchar(255) not null,
        MASSA integer not null,
        MODELLO varchar(255) not null,
        NUMERO_ASSI integer not null,
        NUMERO_TELAIO varchar(255) not null,
        TARGA varchar(7) not null,
        primary key (VEICOLO_ID)
    ) engine=InnoDB
Hibernate: 
    
    create table cars_users (
       VEICOLO_ID bigint not null,
        USERNAME varchar(20) not null,
        primary key (VEICOLO_ID, USERNAME)
    ) engine=InnoDB
Hibernate: 
    
    create table documentazioni (
       DOCUMENTO_ID bigint not null auto_increment,
        COSTO float not null,
        DATA_SCADENZA datetime(6) not null,
        DESCRIZIONE varchar(300) not null,
        TITOLO varchar(100) not null,
        allegato_id bigint,
        USERNAME varchar(20),
        documentazione_id bigint,
        primary key (DOCUMENTO_ID)
    ) engine=InnoDB
Hibernate: 
    
    create table files (
       NOME varchar(100) not null,
        noDownloadable bit not null,
        ALLEGATO_ID bigint not null,
        primary key (ALLEGATO_ID)
    ) engine=InnoDB
Hibernate: 
    
    create table links (
       link varchar(300) not null,
        ALLEGATO_ID bigint not null,
        primary key (ALLEGATO_ID)
    ) engine=InnoDB
Hibernate: 
    
    create table manutenzioni (
       MANUTENZIONE_ID bigint not null auto_increment,
        COSTO_MANUTENZIONE float,
        TIPO_MANUTENZIONE varchar(255),
        primary key (MANUTENZIONE_ID)
    ) engine=InnoDB
Hibernate: 
    
    create table prenotazioni (
       PRENOTAZIONE_ID bigint not null auto_increment,
        DATA_FINE datetime(6),
        DATA_INIZIO datetime(6),
        DESCRIZIONE varchar(255),
        ORA_FINE time,
        ORA_INIZIO time,
        USERNAME varchar(20),
        primary key (PRENOTAZIONE_ID)
    ) engine=InnoDB
Hibernate: 
    
    create table users (
       USERNAME varchar(20) not null,
        FIRSTNAME varchar(100) not null,
        IMAGE_PROFILE varchar(100),
        LASTNAME varchar(100) not null,
        PASSWORD varchar(100) not null,
        RUOLO varchar(255) not null,
        documentazione_DOCUMENTO_ID bigint,
        prenotazione_PRENOTAZIONE_ID bigint,
        primary key (USERNAME)
    ) engine=InnoDB
Hibernate: 
    
    alter table cars 
       add constraint UK_f3o59i3swsgpf4hdin5eqk3tq unique (TARGA)
Hibernate: 
    
    alter table documentazioni 
       add constraint UK_doj1fn4ddn5m8lx7rs67aff3q unique (TITOLO)
Hibernate: 
    
    alter table files 
       add constraint UK_de4r68jllri06v2g0dpmsyuxi unique (NOME)
Hibernate: 
    
    alter table cars_users 
       add constraint FKggomnulika159908lmn7ge4kh 
       foreign key (USERNAME) 
       references users (USERNAME)
Hibernate: 
    
    alter table cars_users 
       add constraint FK1nkhcbr1dcu47h1iyj0ddpyct 
       foreign key (VEICOLO_ID) 
       references cars (VEICOLO_ID)
Hibernate: 
    
    alter table documentazioni 
       add constraint FKjg6nxhbxxvlcf5rxrh771peb3 
       foreign key (allegato_id) 
       references allegati (ALLEGATO_ID)
Hibernate: 
    
    alter table documentazioni 
       add constraint FKd8q7hnqahs9uwbrwvcd68fomy 
       foreign key (USERNAME) 
       references users (USERNAME)
Hibernate: 
    
    alter table documentazioni 
       add constraint FK16c0xp68vkca568lx33bqg2wk 
       foreign key (documentazione_id) 
       references cars (VEICOLO_ID)
Hibernate: 
    
    alter table files 
       add constraint FK2694q75cal40cd4rg53dj8kj7 
       foreign key (ALLEGATO_ID) 
       references allegati (ALLEGATO_ID)
Hibernate: 
    
    alter table links 
       add constraint FKa80hd50qo8hjreixvn620io9k 
       foreign key (ALLEGATO_ID) 
       references allegati (ALLEGATO_ID)
Hibernate: 
    
    alter table manutenzioni 
       add constraint FKq0rkpita5jstk3lwkgwpxk940 
       foreign key (manutenzione_id) 
       references cars (VEICOLO_ID)
Hibernate: 
    
    alter table prenotazioni 
       add constraint FK7ci1or4hwu7fqmef36dex9iuc 
       foreign key (USERNAME) 
       references users (USERNAME)
Hibernate: 
    
    alter table prenotazioni 
       add constraint FKpknqwoaxb42yayhxun61htp2o 
       foreign key (prenotazione_id) 
       references cars (VEICOLO_ID)
Hibernate: 
    
    alter table users 
       add constraint FKavo9wdbl7qffjfsmy92s4e0sa 
       foreign key (documentazione_DOCUMENTO_ID) 
       references documentazioni (DOCUMENTO_ID)
Hibernate: 
    
    alter table users 
       add constraint FK3tsx15ac8111scblfx4tgy6uf 
       foreign key (prenotazione_PRENOTAZIONE_ID) 
       references prenotazioni (PRENOTAZIONE_ID)
]]></system-out>
    <system-err><![CDATA[mar 18, 2021 5:15:15 PM org.hibernate.dialect.Dialect <init>
INFO: HHH000400: Using dialect: org.hibernate.dialect.MySQL57Dialect
mar 18, 2021 5:15:16 PM org.hibernate.engine.transaction.jta.platform.internal.JtaPlatformInitiator initiateService
INFO: HHH000490: Using JtaPlatform implementation: [org.hibernate.engine.transaction.jta.platform.internal.NoJtaPlatform]
[main] WARN org.springframework.context.annotation.AnnotationConfigApplicationContext - Exception encountered during context initialization - cancelling refresh attempt: org.springframework.beans.factory.BeanCreationException: Error creating bean with name 'allegatoDao': Injection of resource dependencies failed; nested exception is org.springframework.beans.factory.BeanCreationException: Error creating bean with name 'sessionFactory' defined in it.univpm.advancedcode.cri.test.DataServiceConfigTest: Bean instantiation via factory method failed; nested exception is org.springframework.beans.BeanInstantiationException: Failed to instantiate [org.hibernate.SessionFactory]: Factory method 'sessionFactory' threw exception; nested exception is java.lang.NullPointerException
]]></system-err>
  </testcase>
</testsuite>